Build started 11/3/2015 2:37:41 PM.
     1>Project "C:\Users\frosty\documents\visual studio 2015\Projects\Pyman\Pyman\Pyman.vcxproj" on node 2 (Rebuild target(s)).
     1>ClCompile:
         C:\Program Files (x86)\Microsoft Visual Studio 14.0\VC\bin\x86_amd64\CL.exe /c /ZI /nologo /W3 /WX- /sdl /Od /D _MBCS /Gm /EHsc /RTC1 /MDd /GS /fp:precise /Zc:wchar_t /Zc:forScope /Zc:inline /Fo"x64\Debug\\" /Fd"x64\Debug\vc140.pdb" /Gd /TP /errorReport:prompt src\Button.cpp src\Character.cpp src\Console.cpp src\FileText.cpp src\Graphic.cpp src\Interface.cpp src\Level.cpp src\main.cpp src\Menu.cpp src\BaseObject.cpp src\Platform.cpp src\pugixml.cpp src\PyInterface.cpp src\Selector.cpp src\Slate.cpp src\Sprite.cpp src\Surface.cpp src\Tracker.cpp
         Tracker.cpp
     1>c:\users\frosty\documents\visual studio 2015\projects\pyman\pyman\src\tracker.cpp(8): fatal error C1083: Cannot open include file: 'Tracker.h': No such file or directory
         Surface.cpp
     1>c:\users\frosty\documents\visual studio 2015\projects\pyman\pyman\src\surface.cpp(8): fatal error C1083: Cannot open include file: 'Surface.h': No such file or directory
         Sprite.cpp
     1>c:\users\frosty\documents\visual studio 2015\projects\pyman\pyman\src\sprite.cpp(8): fatal error C1083: Cannot open include file: 'Sprite.h': No such file or directory
         Slate.cpp
     1>c:\users\frosty\documents\visual studio 2015\projects\pyman\pyman\src\slate.cpp(8): fatal error C1083: Cannot open include file: 'Slate.h': No such file or directory
         Selector.cpp
     1>c:\users\frosty\documents\visual studio 2015\projects\pyman\pyman\src\selector.cpp(8): fatal error C1083: Cannot open include file: 'Selector.h': No such file or directory
         PyInterface.cpp
     1>c:\users\frosty\documents\visual studio 2015\projects\pyman\pyman\src\pyinterface.cpp(8): fatal error C1083: Cannot open include file: 'PyInterface.h': No such file or directory
         pugixml.cpp
     1>c:\users\frosty\documents\visual studio 2015\projects\pyman\pyman\src\pugixml.cpp(17): fatal error C1083: Cannot open include file: 'pugixml.hpp': No such file or directory
         Platform.cpp
     1>c:\users\frosty\documents\visual studio 2015\projects\pyman\pyman\src\platform.cpp(1): fatal error C1083: Cannot open include file: 'Platform.h': No such file or directory
         BaseObject.cpp
     1>c:\users\frosty\documents\visual studio 2015\projects\pyman\pyman\src\baseobject.cpp(1): fatal error C1083: Cannot open include file: 'BaseObject.h': No such file or directory
         Menu.cpp
     1>c:\users\frosty\documents\visual studio 2015\projects\pyman\pyman\src\menu.cpp(8): fatal error C1083: Cannot open include file: 'Menu.h': No such file or directory
         main.cpp
     1>c:\users\frosty\documents\visual studio 2015\projects\pyman\pyman\src\main.cpp(8): fatal error C1083: Cannot open include file: 'Character.h': No such file or directory
         Level.cpp
         Interface.cpp
     1>c:\users\frosty\documents\visual studio 2015\projects\pyman\pyman\src\interface.cpp(8): fatal error C1083: Cannot open include file: 'Interface.h': No such file or directory
         Graphic.cpp
     1>c:\users\frosty\documents\visual studio 2015\projects\pyman\pyman\src\graphic.cpp(8): fatal error C1083: Cannot open include file: 'Graphic.h': No such file or directory
         FileText.cpp
     1>c:\users\frosty\documents\visual studio 2015\projects\pyman\pyman\src\filetext.cpp(8): fatal error C1083: Cannot open include file: 'FileText.h': No such file or directory
         Console.cpp
     1>c:\users\frosty\documents\visual studio 2015\projects\pyman\pyman\src\console.cpp(8): fatal error C1083: Cannot open include file: 'Console.h': No such file or directory
         Character.cpp
     1>c:\users\frosty\documents\visual studio 2015\projects\pyman\pyman\src\character.cpp(8): fatal error C1083: Cannot open include file: 'Character.h': No such file or directory
         Button.cpp
     1>c:\users\frosty\documents\visual studio 2015\projects\pyman\pyman\src\button.cpp(8): fatal error C1083: Cannot open include file: 'Button.h': No such file or directory
         Generating Code...
     1>Done Building Project "C:\Users\frosty\documents\visual studio 2015\Projects\Pyman\Pyman\Pyman.vcxproj" (Rebuild target(s)) -- FAILED.

Build FAILED.

Time Elapsed 00:00:00.59
