c:\users\frosty\documents\visual studio 2015\projects\pyman\pyman\x64\release\vc140.pdb
c:\users\frosty\documents\visual studio 2015\projects\pyman\pyman\x64\release\tracker.obj
c:\users\frosty\documents\visual studio 2015\projects\pyman\pyman\x64\release\surface.obj
c:\users\frosty\documents\visual studio 2015\projects\pyman\pyman\x64\release\sprite.obj
c:\users\frosty\documents\visual studio 2015\projects\pyman\pyman\x64\release\slate.obj
c:\users\frosty\documents\visual studio 2015\projects\pyman\pyman\x64\release\selector.obj
c:\users\frosty\documents\visual studio 2015\projects\pyman\pyman\x64\release\pyinterface.obj
c:\users\frosty\documents\visual studio 2015\projects\pyman\pyman\x64\release\pugixml.obj
c:\users\frosty\documents\visual studio 2015\projects\pyman\pyman\x64\release\platform.obj
c:\users\frosty\documents\visual studio 2015\projects\pyman\pyman\x64\release\baseobject.obj
c:\users\frosty\documents\visual studio 2015\projects\pyman\pyman\x64\release\menu.obj
c:\users\frosty\documents\visual studio 2015\projects\pyman\pyman\x64\release\main.obj
c:\users\frosty\documents\visual studio 2015\projects\pyman\pyman\x64\release\level.obj
c:\users\frosty\documents\visual studio 2015\projects\pyman\pyman\x64\release\interface.obj
c:\users\frosty\documents\visual studio 2015\projects\pyman\pyman\x64\release\graphic.obj
c:\users\frosty\documents\visual studio 2015\projects\pyman\pyman\x64\release\filetext.obj
c:\users\frosty\documents\visual studio 2015\projects\pyman\pyman\x64\release\console.obj
c:\users\frosty\documents\visual studio 2015\projects\pyman\pyman\x64\release\character.obj
c:\users\frosty\documents\visual studio 2015\projects\pyman\pyman\x64\release\button.obj
c:\users\frosty\documents\visual studio 2015\projects\pyman\x64\release\pyman.exe
c:\users\frosty\documents\visual studio 2015\projects\pyman\x64\release\pyman.ipdb
c:\users\frosty\documents\visual studio 2015\projects\pyman\x64\release\pyman.iobj
c:\users\frosty\documents\visual studio 2015\projects\pyman\x64\release\pyman.pdb
c:\users\frosty\documents\visual studio 2015\projects\pyman\pyman\x64\release\pyman.tlog\cl.command.1.tlog
c:\users\frosty\documents\visual studio 2015\projects\pyman\pyman\x64\release\pyman.tlog\cl.read.1.tlog
c:\users\frosty\documents\visual studio 2015\projects\pyman\pyman\x64\release\pyman.tlog\cl.write.1.tlog
c:\users\frosty\documents\visual studio 2015\projects\pyman\pyman\x64\release\pyman.tlog\link.command.1.tlog
c:\users\frosty\documents\visual studio 2015\projects\pyman\pyman\x64\release\pyman.tlog\link.read.1.tlog
c:\users\frosty\documents\visual studio 2015\projects\pyman\pyman\x64\release\pyman.tlog\link.write.1.tlog
