Build started 11/24/2015 7:03:45 PM.
     1>Project "C:\Users\frosty\documents\visual studio 2015\Projects\Pyman\Pyman\Pyman.vcxproj" on node 2 (Build target(s)).
     1>ClCompile:
         C:\Program Files (x86)\Microsoft Visual Studio 14.0\VC\bin\x86_amd64\CL.exe /c /Zi /nologo /W3 /WX- /sdl /O2 /Oi /GL /D _CRT_SECURE_NO_WARNINGS /D _MBCS /Gm- /EHsc /MD /GS /Gy /fp:precise /Zc:wchar_t /Zc:forScope /Zc:inline /Fo"x64\Release\\" /Fd"x64\Release\vc140.pdb" /Gd /TP /errorReport:prompt src\PyInterface.cpp
         PyInterface.cpp
     1>src\PyInterface.cpp(27): warning C4477: 'printf' : format string '%d' requires an argument of type 'int', but variadic argument 1 has type 'PyObject *'
     1>src\PyInterface.cpp(27): warning C4313: 'printf': '%d' in format string conflicts with argument 1 of type 'PyObject *'
     1>src\PyInterface.cpp(71): warning C4477: 'printf' : format string '%d' requires an argument of type 'int', but variadic argument 1 has type 'PyObject *'
     1>src\PyInterface.cpp(71): warning C4313: 'printf': '%d' in format string conflicts with argument 1 of type 'PyObject *'
       Link:
         C:\Program Files (x86)\Microsoft Visual Studio 14.0\VC\bin\x86_amd64\link.exe /ERRORREPORT:PROMPT /OUT:"C:\Users\frosty\documents\visual studio 2015\Projects\Pyman\x64\Release\Pyman.exe" /NOLOGO SDL2.lib SDL2main.lib SDL2_ttf.lib SDL2_image.lib kernel32.lib user32.lib gdi32.lib winspool.lib comdlg32.lib advapi32.lib shell32.lib ole32.lib oleaut32.lib uuid.lib odbc32.lib odbccp32.lib /MANIFEST /MANIFESTUAC:"level='asInvoker' uiAccess='false'" /manifest:embed /Debug /PDB:"C:\Users\frosty\documents\visual studio 2015\Projects\Pyman\x64\Release\Pyman.pdb" /SUBSYSTEM:CONSOLE /OPT:REF /OPT:ICF /LTCG:incremental /TLBID:1 /DYNAMICBASE /NXCOMPAT /IMPLIB:"C:\Users\frosty\documents\visual studio 2015\Projects\Pyman\x64\Release\Pyman.lib" /MACHINE:X64 x64\Release\Button.obj
         x64\Release\Character.obj
         x64\Release\Console.obj
         x64\Release\FileText.obj
         x64\Release\Graphic.obj
         x64\Release\Interface.obj
         x64\Release\Level.obj
         x64\Release\main.obj
         x64\Release\Menu.obj
         x64\Release\BaseObject.obj
         x64\Release\Platform.obj
         x64\Release\pugixml.obj
         x64\Release\PyInterface.obj
         x64\Release\Selector.obj
         x64\Release\Slate.obj
         x64\Release\Sprite.obj
         x64\Release\Surface.obj
         x64\Release\Tracker.obj
         Generating code
         2 of 718 functions ( 0.3%) were compiled, the rest were copied from previous compilation.
         Finished generating code
           0 functions were new in current compilation
           1 functions had inline decision re-evaluated but remain unchanged
         Pyman.vcxproj -> C:\Users\frosty\documents\visual studio 2015\Projects\Pyman\x64\Release\Pyman.exe
     1>Done Building Project "C:\Users\frosty\documents\visual studio 2015\Projects\Pyman\Pyman\Pyman.vcxproj" (Build target(s)).

Build succeeded.

Time Elapsed 00:00:01.45
